  [4;36;1mSQL (0.2ms)[0m   [0;1m SELECT name
 FROM sqlite_master
 WHERE type = 'table' AND NOT name = 'sqlite_sequence'
[0m
  [4;35;1mSQL (0.1ms)[0m   [0mselect sqlite_version(*)[0m
  [4;36;1mSQL (18.0ms)[0m   [0;1mCREATE TABLE "schema_migrations" ("version" varchar(255) NOT NULL) [0m
  [4;35;1mSQL (13.2ms)[0m   [0mCREATE UNIQUE INDEX "unique_schema_migrations" ON "schema_migrations" ("version")[0m
  [4;36;1mSQL (0.1ms)[0m   [0;1m SELECT name
 FROM sqlite_master
 WHERE type = 'table' AND NOT name = 'sqlite_sequence'
[0m
  [4;35;1mSQL (0.1ms)[0m   [0mSELECT version FROM schema_migrations[0m
Migrating to CreateUsers (20100110064356)
  [4;36;1mSQL (0.4ms)[0m   [0;1mCREATE TABLE "users" ("id" INTEGER PRIMARY KEY AUTOINCREMENT NOT NULL, "name" varchar(255), "dob" date, "sex" varchar(255), "created_at" datetime, "updated_at" datetime) [0m
  [4;35;1mSQL (0.1ms)[0m   [0mINSERT INTO schema_migrations (version) VALUES ('20100110064356')[0m
  [4;36;1mSQL (0.2ms)[0m   [0;1m SELECT name
 FROM sqlite_master
 WHERE type = 'table' AND NOT name = 'sqlite_sequence'
[0m
  [4;35;1mSQL (0.1ms)[0m   [0mSELECT version FROM schema_migrations[0m
  [4;36;1mSQL (0.1ms)[0m   [0;1m SELECT name
 FROM sqlite_master
 WHERE type = 'table' AND NOT name = 'sqlite_sequence'
[0m
  [4;35;1mSQL (0.0ms)[0m   [0mPRAGMA index_list("users")[0m


Processing UsersController#index (for 127.0.0.1 at 2010-01-10 14:44:56) [GET]

ActionController::UnknownAction (No action responded to index. Actions: ):
  thin (1.2.4) lib/thin/connection.rb:76:in `pre_process'
  thin (1.2.4) lib/thin/connection.rb:74:in `catch'
  thin (1.2.4) lib/thin/connection.rb:74:in `pre_process'
  thin (1.2.4) lib/thin/connection.rb:57:in `process'
  thin (1.2.4) lib/thin/connection.rb:42:in `receive_data'
  eventmachine (0.12.8) lib/eventmachine.rb:242:in `run_machine'
  eventmachine (0.12.8) lib/eventmachine.rb:242:in `run'
  thin (1.2.4) lib/thin/backends/base.rb:57:in `start'
  thin (1.2.4) lib/thin/server.rb:156:in `start'
  thin (1.2.4) lib/thin/controllers/controller.rb:80:in `start'
  thin (1.2.4) lib/thin/runner.rb:174:in `send'
  thin (1.2.4) lib/thin/runner.rb:174:in `run_command'
  thin (1.2.4) lib/thin/runner.rb:140:in `run!'
  thin (1.2.4) bin/thin:6
  /usr/bin/thin:19:in `load'
  /usr/bin/thin:19

Rendering rescues/layout (not_found)
  [4;36;1mSQL (0.2ms)[0m   [0;1m SELECT name
 FROM sqlite_master
 WHERE type = 'table' AND NOT name = 'sqlite_sequence'
[0m
  [4;35;1mSQL (0.1ms)[0m   [0mselect sqlite_version(*)[0m
  [4;36;1mSQL (2.3ms)[0m   [0;1mCREATE TABLE "schema_migrations" ("version" varchar(255) NOT NULL) [0m
  [4;35;1mSQL (2.0ms)[0m   [0mCREATE UNIQUE INDEX "unique_schema_migrations" ON "schema_migrations" ("version")[0m
  [4;36;1mSQL (0.3ms)[0m   [0;1m SELECT name
 FROM sqlite_master
 WHERE type = 'table' AND NOT name = 'sqlite_sequence'
[0m
  [4;35;1mSQL (0.1ms)[0m   [0mSELECT version FROM schema_migrations[0m
Migrating to CreateUsers (20100110064656)
  [4;36;1mSQL (0.4ms)[0m   [0;1mCREATE TABLE "users" ("id" INTEGER PRIMARY KEY AUTOINCREMENT NOT NULL, "name" varchar(255), "dob" date, "sex" varchar(255), "created_at" datetime, "updated_at" datetime) [0m
  [4;35;1mSQL (0.1ms)[0m   [0mINSERT INTO schema_migrations (version) VALUES ('20100110064656')[0m
  [4;36;1mSQL (0.2ms)[0m   [0;1m SELECT name
 FROM sqlite_master
 WHERE type = 'table' AND NOT name = 'sqlite_sequence'
[0m
  [4;35;1mSQL (0.1ms)[0m   [0mSELECT version FROM schema_migrations[0m
  [4;36;1mSQL (0.1ms)[0m   [0;1m SELECT name
 FROM sqlite_master
 WHERE type = 'table' AND NOT name = 'sqlite_sequence'
[0m
  [4;35;1mSQL (0.0ms)[0m   [0mPRAGMA index_list("users")[0m


Processing UsersController#new (for 127.0.0.1 at 2010-01-10 14:47:15) [GET]
Rendering template within layouts/users
Rendering users/new
Completed in 196ms (View: 192, DB: 0) | 200 OK [http://localhost/users/new]


Processing UsersController#new (for 127.0.0.1 at 2010-01-10 14:47:56) [GET]
Rendering template within layouts/users
Rendering users/new
Completed in 11ms (View: 8, DB: 0) | 200 OK [http://localhost/users/new]


Processing UsersController#new (for 127.0.0.1 at 2010-01-10 14:47:58) [GET]
Rendering template within layouts/users
Rendering users/new
Completed in 12ms (View: 8, DB: 0) | 200 OK [http://localhost/users/new]


Processing UsersController#new (for 127.0.0.1 at 2010-01-10 14:48:08) [GET]
Rendering template within layouts/users
Rendering users/new
Completed in 15ms (View: 11, DB: 0) | 200 OK [http://localhost/users/new]


Processing UsersController#new (for 127.0.0.1 at 2010-01-10 14:48:24) [GET]
Rendering template within layouts/users
Rendering users/new
Completed in 15ms (View: 11, DB: 0) | 200 OK [http://localhost/users/new]


Processing UsersController#index (for 127.0.0.1 at 2010-01-10 14:48:29) [GET]
  [4;36;1mUser Load (0.3ms)[0m   [0;1mSELECT * FROM "users" [0m
Rendering template within layouts/users
Rendering users/index
Completed in 14ms (View: 10, DB: 0) | 200 OK [http://localhost/users]


Processing UsersController#index (for 127.0.0.1 at 2010-01-10 14:48:32) [GET]
  [4;35;1mUser Load (0.3ms)[0m   [0mSELECT * FROM "users" [0m
Rendering template within layouts/users
Rendering users/index
Completed in 5ms (View: 1, DB: 0) | 200 OK [http://localhost/users]
  [4;36;1mSQL (0.6ms)[0m   [0;1m SELECT name
 FROM sqlite_master
 WHERE type = 'table' AND NOT name = 'sqlite_sequence'
[0m
  [4;35;1mSQL (0.3ms)[0m   [0mSELECT version FROM schema_migrations[0m
Migrating to CreateUsers (20100110064656)
Migrating to CreateGroups (20100110070606)
  [4;36;1mSQL (0.1ms)[0m   [0;1mselect sqlite_version(*)[0m
  [4;35;1mSQL (11.3ms)[0m   [0mCREATE TABLE "groups" ("id" INTEGER PRIMARY KEY AUTOINCREMENT NOT NULL, "name" varchar(255), "created_at" datetime, "updated_at" datetime) [0m
  [4;36;1mSQL (11.8ms)[0m   [0;1mINSERT INTO schema_migrations (version) VALUES ('20100110070606')[0m
Migrating to CreateMemberships (20100110070646)
  [4;35;1mSQL (12.7ms)[0m   [0mCREATE TABLE "memberships" ("id" INTEGER PRIMARY KEY AUTOINCREMENT NOT NULL, "user_id" integer, "group_id" integer, "created_at" datetime, "updated_at" datetime) [0m
  [4;36;1mSQL (24.6ms)[0m   [0;1mINSERT INTO schema_migrations (version) VALUES ('20100110070646')[0m
  [4;35;1mSQL (0.5ms)[0m   [0m SELECT name
 FROM sqlite_master
 WHERE type = 'table' AND NOT name = 'sqlite_sequence'
[0m
  [4;36;1mSQL (0.1ms)[0m   [0;1mSELECT version FROM schema_migrations[0m
  [4;35;1mSQL (0.2ms)[0m   [0m SELECT name
 FROM sqlite_master
 WHERE type = 'table' AND NOT name = 'sqlite_sequence'
[0m
  [4;36;1mSQL (0.0ms)[0m   [0;1mPRAGMA index_list("groups")[0m
  [4;35;1mSQL (0.0ms)[0m   [0mPRAGMA index_list("memberships")[0m
  [4;36;1mSQL (0.0ms)[0m   [0;1mPRAGMA index_list("users")[0m


Processing ApplicationController#index (for 127.0.0.1 at 2010-01-10 21:36:47) [GET]

ActionController::RoutingError (No route matches "/test/download" with {:method=>:get}):
  thin (1.2.4) lib/thin/connection.rb:76:in `pre_process'
  thin (1.2.4) lib/thin/connection.rb:74:in `catch'
  thin (1.2.4) lib/thin/connection.rb:74:in `pre_process'
  thin (1.2.4) lib/thin/connection.rb:57:in `process'
  thin (1.2.4) lib/thin/connection.rb:42:in `receive_data'
  eventmachine (0.12.8) lib/eventmachine.rb:242:in `run_machine'
  eventmachine (0.12.8) lib/eventmachine.rb:242:in `run'
  thin (1.2.4) lib/thin/backends/base.rb:57:in `start'
  thin (1.2.4) lib/thin/server.rb:156:in `start'
  thin (1.2.4) lib/thin/controllers/controller.rb:80:in `start'
  thin (1.2.4) lib/thin/runner.rb:174:in `send'
  thin (1.2.4) lib/thin/runner.rb:174:in `run_command'
  thin (1.2.4) lib/thin/runner.rb:140:in `run!'
  thin (1.2.4) bin/thin:6
  /usr/bin/thin:19:in `load'
  /usr/bin/thin:19

Rendering rescues/layout (not_found)


Processing UsersController#new (for 127.0.0.1 at 2010-01-23 09:40:47) [GET]
Rendering template within layouts/users
Rendering users/new
Completed in 297ms (View: 239, DB: 0) | 200 OK [http://localhost/users/new]


Processing ApplicationController#index (for 127.0.0.1 at 2010-01-23 09:40:47) [GET]

ActionController::RoutingError (No route matches "/stylesheets/scaffold.css" with {:method=>:get}):
  thin (1.2.4) lib/thin/connection.rb:76:in `pre_process'
  thin (1.2.4) lib/thin/connection.rb:74:in `catch'
  thin (1.2.4) lib/thin/connection.rb:74:in `pre_process'
  thin (1.2.4) lib/thin/connection.rb:57:in `process'
  thin (1.2.4) lib/thin/connection.rb:42:in `receive_data'
  eventmachine (0.12.8) lib/eventmachine.rb:242:in `run_machine'
  eventmachine (0.12.8) lib/eventmachine.rb:242:in `run'
  thin (1.2.4) lib/thin/backends/base.rb:57:in `start'
  thin (1.2.4) lib/thin/server.rb:156:in `start'
  thin (1.2.4) lib/thin/controllers/controller.rb:80:in `start'
  thin (1.2.4) lib/thin/runner.rb:174:in `send'
  thin (1.2.4) lib/thin/runner.rb:174:in `run_command'
  thin (1.2.4) lib/thin/runner.rb:140:in `run!'
  thin (1.2.4) bin/thin:6
  /usr/bin/thin:19:in `load'
  /usr/bin/thin:19

Rendering rescues/layout (not_found)


Processing UsersController#index (for 127.0.0.1 at 2010-01-23 09:40:55) [GET]
  [4;36;1mUser Load (21.1ms)[0m   [0;1mSELECT * FROM "users" [0m
Rendering template within layouts/users
Rendering users/index
Completed in 49ms (View: 23, DB: 21) | 200 OK [http://localhost/users]


Processing ApplicationController#index (for 127.0.0.1 at 2010-01-23 09:40:55) [GET]

ActionController::RoutingError (No route matches "/stylesheets/scaffold.css" with {:method=>:get}):
  thin (1.2.4) lib/thin/connection.rb:76:in `pre_process'
  thin (1.2.4) lib/thin/connection.rb:74:in `catch'
  thin (1.2.4) lib/thin/connection.rb:74:in `pre_process'
  thin (1.2.4) lib/thin/connection.rb:57:in `process'
  thin (1.2.4) lib/thin/connection.rb:42:in `receive_data'
  eventmachine (0.12.8) lib/eventmachine.rb:242:in `run_machine'
  eventmachine (0.12.8) lib/eventmachine.rb:242:in `run'
  thin (1.2.4) lib/thin/backends/base.rb:57:in `start'
  thin (1.2.4) lib/thin/server.rb:156:in `start'
  thin (1.2.4) lib/thin/controllers/controller.rb:80:in `start'
  thin (1.2.4) lib/thin/runner.rb:174:in `send'
  thin (1.2.4) lib/thin/runner.rb:174:in `run_command'
  thin (1.2.4) lib/thin/runner.rb:140:in `run!'
  thin (1.2.4) bin/thin:6
  /usr/bin/thin:19:in `load'
  /usr/bin/thin:19

Rendering rescues/layout (not_found)


Processing UsersController#new (for 127.0.0.1 at 2010-01-23 09:40:57) [GET]
Rendering template within layouts/users
Rendering users/new
Completed in 12ms (View: 7, DB: 0) | 200 OK [http://localhost/users/new]


Processing ApplicationController#index (for 127.0.0.1 at 2010-01-23 09:40:57) [GET]

ActionController::RoutingError (No route matches "/stylesheets/scaffold.css" with {:method=>:get}):
  thin (1.2.4) lib/thin/connection.rb:76:in `pre_process'
  thin (1.2.4) lib/thin/connection.rb:74:in `catch'
  thin (1.2.4) lib/thin/connection.rb:74:in `pre_process'
  thin (1.2.4) lib/thin/connection.rb:57:in `process'
  thin (1.2.4) lib/thin/connection.rb:42:in `receive_data'
  eventmachine (0.12.8) lib/eventmachine.rb:242:in `run_machine'
  eventmachine (0.12.8) lib/eventmachine.rb:242:in `run'
  thin (1.2.4) lib/thin/backends/base.rb:57:in `start'
  thin (1.2.4) lib/thin/server.rb:156:in `start'
  thin (1.2.4) lib/thin/controllers/controller.rb:80:in `start'
  thin (1.2.4) lib/thin/runner.rb:174:in `send'
  thin (1.2.4) lib/thin/runner.rb:174:in `run_command'
  thin (1.2.4) lib/thin/runner.rb:140:in `run!'
  thin (1.2.4) bin/thin:6
  /usr/bin/thin:19:in `load'
  /usr/bin/thin:19

Rendering rescues/layout (not_found)


Processing UsersController#create (for 127.0.0.1 at 2010-01-23 09:41:13) [POST]
  Parameters: {"commit"=>"Create", "authenticity_token"=>"Y3QhJ0WfW3rqwZTEe1JZgm3OUkwq0xeBgsCCHwwn4SE=", "user"=>{"name"=>"ä¼å°‘å¤", "dob(1i)"=>"2010", "dob(2i)"=>"1", "dob(3i)"=>"23", "sex"=>"m"}}
  [4;35;1mUser Create (20.8ms)[0m   [0mINSERT INTO "users" ("name", "dob", "created_at", "updated_at", "sex") VALUES('ä¼å°‘å¤', '2010-01-23', '2010-01-23 01:41:13', '2010-01-23 01:41:13', 'm')[0m
Redirected to http://localhost:3000/users/1
Completed in 43ms (DB: 21) | 302 Found [http://localhost/users]


Processing UsersController#show (for 127.0.0.1 at 2010-01-23 09:41:13) [GET]
  Parameters: {"id"=>"1"}
  [4;36;1mUser Load (0.2ms)[0m   [0;1mSELECT * FROM "users" WHERE ("users"."id" = 1) [0m
Rendering template within layouts/users
Rendering users/show
Completed in 31ms (View: 27, DB: 0) | 200 OK [http://localhost/users/1]


Processing ApplicationController#index (for 127.0.0.1 at 2010-01-23 09:41:13) [GET]

ActionController::RoutingError (No route matches "/stylesheets/scaffold.css" with {:method=>:get}):
  thin (1.2.4) lib/thin/connection.rb:76:in `pre_process'
  thin (1.2.4) lib/thin/connection.rb:74:in `catch'
  thin (1.2.4) lib/thin/connection.rb:74:in `pre_process'
  thin (1.2.4) lib/thin/connection.rb:57:in `process'
  thin (1.2.4) lib/thin/connection.rb:42:in `receive_data'
  eventmachine (0.12.8) lib/eventmachine.rb:242:in `run_machine'
  eventmachine (0.12.8) lib/eventmachine.rb:242:in `run'
  thin (1.2.4) lib/thin/backends/base.rb:57:in `start'
  thin (1.2.4) lib/thin/server.rb:156:in `start'
  thin (1.2.4) lib/thin/controllers/controller.rb:80:in `start'
  thin (1.2.4) lib/thin/runner.rb:174:in `send'
  thin (1.2.4) lib/thin/runner.rb:174:in `run_command'
  thin (1.2.4) lib/thin/runner.rb:140:in `run!'
  thin (1.2.4) bin/thin:6
  /usr/bin/thin:19:in `load'
  /usr/bin/thin:19

Rendering rescues/layout (not_found)


Processing UsersController#index (for 127.0.0.1 at 2010-01-23 09:41:15) [GET]
  [4;35;1mUser Load (0.4ms)[0m   [0mSELECT * FROM "users" [0m
Rendering template within layouts/users
Rendering users/index
Completed in 9ms (View: 5, DB: 0) | 200 OK [http://localhost/users]


Processing ApplicationController#index (for 127.0.0.1 at 2010-01-23 09:41:15) [GET]

ActionController::RoutingError (No route matches "/stylesheets/scaffold.css" with {:method=>:get}):
  thin (1.2.4) lib/thin/connection.rb:76:in `pre_process'
  thin (1.2.4) lib/thin/connection.rb:74:in `catch'
  thin (1.2.4) lib/thin/connection.rb:74:in `pre_process'
  thin (1.2.4) lib/thin/connection.rb:57:in `process'
  thin (1.2.4) lib/thin/connection.rb:42:in `receive_data'
  eventmachine (0.12.8) lib/eventmachine.rb:242:in `run_machine'
  eventmachine (0.12.8) lib/eventmachine.rb:242:in `run'
  thin (1.2.4) lib/thin/backends/base.rb:57:in `start'
  thin (1.2.4) lib/thin/server.rb:156:in `start'
  thin (1.2.4) lib/thin/controllers/controller.rb:80:in `start'
  thin (1.2.4) lib/thin/runner.rb:174:in `send'
  thin (1.2.4) lib/thin/runner.rb:174:in `run_command'
  thin (1.2.4) lib/thin/runner.rb:140:in `run!'
  thin (1.2.4) bin/thin:6
  /usr/bin/thin:19:in `load'
  /usr/bin/thin:19

Rendering rescues/layout (not_found)


Processing GroupsController#index (for 127.0.0.1 at 2010-01-23 09:41:29) [GET]
  [4;36;1mGroup Load (0.3ms)[0m   [0;1mSELECT * FROM "groups" [0m
Rendering template within layouts/groups
Rendering groups/index
Completed in 66ms (View: 62, DB: 0) | 200 OK [http://localhost/groups]


Processing ApplicationController#index (for 127.0.0.1 at 2010-01-23 09:41:29) [GET]

ActionController::RoutingError (No route matches "/stylesheets/scaffold.css" with {:method=>:get}):
  thin (1.2.4) lib/thin/connection.rb:76:in `pre_process'
  thin (1.2.4) lib/thin/connection.rb:74:in `catch'
  thin (1.2.4) lib/thin/connection.rb:74:in `pre_process'
  thin (1.2.4) lib/thin/connection.rb:57:in `process'
  thin (1.2.4) lib/thin/connection.rb:42:in `receive_data'
  eventmachine (0.12.8) lib/eventmachine.rb:242:in `run_machine'
  eventmachine (0.12.8) lib/eventmachine.rb:242:in `run'
  thin (1.2.4) lib/thin/backends/base.rb:57:in `start'
  thin (1.2.4) lib/thin/server.rb:156:in `start'
  thin (1.2.4) lib/thin/controllers/controller.rb:80:in `start'
  thin (1.2.4) lib/thin/runner.rb:174:in `send'
  thin (1.2.4) lib/thin/runner.rb:174:in `run_command'
  thin (1.2.4) lib/thin/runner.rb:140:in `run!'
  thin (1.2.4) bin/thin:6
  /usr/bin/thin:19:in `load'
  /usr/bin/thin:19

Rendering rescues/layout (not_found)


Processing GroupsController#new (for 127.0.0.1 at 2010-01-23 09:41:30) [GET]
Rendering template within layouts/groups
Rendering groups/new
Completed in 10ms (View: 6, DB: 0) | 200 OK [http://localhost/groups/new]


Processing ApplicationController#index (for 127.0.0.1 at 2010-01-23 09:41:30) [GET]

ActionController::RoutingError (No route matches "/stylesheets/scaffold.css" with {:method=>:get}):
  thin (1.2.4) lib/thin/connection.rb:76:in `pre_process'
  thin (1.2.4) lib/thin/connection.rb:74:in `catch'
  thin (1.2.4) lib/thin/connection.rb:74:in `pre_process'
  thin (1.2.4) lib/thin/connection.rb:57:in `process'
  thin (1.2.4) lib/thin/connection.rb:42:in `receive_data'
  eventmachine (0.12.8) lib/eventmachine.rb:242:in `run_machine'
  eventmachine (0.12.8) lib/eventmachine.rb:242:in `run'
  thin (1.2.4) lib/thin/backends/base.rb:57:in `start'
  thin (1.2.4) lib/thin/server.rb:156:in `start'
  thin (1.2.4) lib/thin/controllers/controller.rb:80:in `start'
  thin (1.2.4) lib/thin/runner.rb:174:in `send'
  thin (1.2.4) lib/thin/runner.rb:174:in `run_command'
  thin (1.2.4) lib/thin/runner.rb:140:in `run!'
  thin (1.2.4) bin/thin:6
  /usr/bin/thin:19:in `load'
  /usr/bin/thin:19

Rendering rescues/layout (not_found)


Processing GroupsController#create (for 127.0.0.1 at 2010-01-23 09:41:36) [POST]
  Parameters: {"group"=>{"name"=>"Ruby on Rails"}, "commit"=>"Create", "authenticity_token"=>"Y3QhJ0WfW3rqwZTEe1JZgm3OUkwq0xeBgsCCHwwn4SE="}
  [4;35;1mGroup Create (0.3ms)[0m   [0mINSERT INTO "groups" ("name", "created_at", "updated_at") VALUES('Ruby on Rails', '2010-01-23 01:41:36', '2010-01-23 01:41:36')[0m
Redirected to http://localhost:3000/groups/1
Completed in 9ms (DB: 0) | 302 Found [http://localhost/groups]


Processing GroupsController#show (for 127.0.0.1 at 2010-01-23 09:41:36) [GET]
  Parameters: {"id"=>"1"}
  [4;36;1mGroup Load (0.2ms)[0m   [0;1mSELECT * FROM "groups" WHERE ("groups"."id" = 1) [0m
Rendering template within layouts/groups
Rendering groups/show
Completed in 21ms (View: 16, DB: 0) | 200 OK [http://localhost/groups/1]


Processing ApplicationController#index (for 127.0.0.1 at 2010-01-23 09:41:36) [GET]

ActionController::RoutingError (No route matches "/stylesheets/scaffold.css" with {:method=>:get}):
  thin (1.2.4) lib/thin/connection.rb:76:in `pre_process'
  thin (1.2.4) lib/thin/connection.rb:74:in `catch'
  thin (1.2.4) lib/thin/connection.rb:74:in `pre_process'
  thin (1.2.4) lib/thin/connection.rb:57:in `process'
  thin (1.2.4) lib/thin/connection.rb:42:in `receive_data'
  eventmachine (0.12.8) lib/eventmachine.rb:242:in `run_machine'
  eventmachine (0.12.8) lib/eventmachine.rb:242:in `run'
  thin (1.2.4) lib/thin/backends/base.rb:57:in `start'
  thin (1.2.4) lib/thin/server.rb:156:in `start'
  thin (1.2.4) lib/thin/controllers/controller.rb:80:in `start'
  thin (1.2.4) lib/thin/runner.rb:174:in `send'
  thin (1.2.4) lib/thin/runner.rb:174:in `run_command'
  thin (1.2.4) lib/thin/runner.rb:140:in `run!'
  thin (1.2.4) bin/thin:6
  /usr/bin/thin:19:in `load'
  /usr/bin/thin:19

Rendering rescues/layout (not_found)


Processing GroupsController#index (for 127.0.0.1 at 2010-01-23 09:41:37) [GET]
  [4;35;1mGroup Load (0.4ms)[0m   [0mSELECT * FROM "groups" [0m
Rendering template within layouts/groups
Rendering groups/index
Completed in 9ms (View: 5, DB: 0) | 200 OK [http://localhost/groups]


Processing ApplicationController#index (for 127.0.0.1 at 2010-01-23 09:41:37) [GET]

ActionController::RoutingError (No route matches "/stylesheets/scaffold.css" with {:method=>:get}):
  thin (1.2.4) lib/thin/connection.rb:76:in `pre_process'
  thin (1.2.4) lib/thin/connection.rb:74:in `catch'
  thin (1.2.4) lib/thin/connection.rb:74:in `pre_process'
  thin (1.2.4) lib/thin/connection.rb:57:in `process'
  thin (1.2.4) lib/thin/connection.rb:42:in `receive_data'
  eventmachine (0.12.8) lib/eventmachine.rb:242:in `run_machine'
  eventmachine (0.12.8) lib/eventmachine.rb:242:in `run'
  thin (1.2.4) lib/thin/backends/base.rb:57:in `start'
  thin (1.2.4) lib/thin/server.rb:156:in `start'
  thin (1.2.4) lib/thin/controllers/controller.rb:80:in `start'
  thin (1.2.4) lib/thin/runner.rb:174:in `send'
  thin (1.2.4) lib/thin/runner.rb:174:in `run_command'
  thin (1.2.4) lib/thin/runner.rb:140:in `run!'
  thin (1.2.4) bin/thin:6
  /usr/bin/thin:19:in `load'
  /usr/bin/thin:19

Rendering rescues/layout (not_found)


Processing UsersController#index (for 127.0.0.1 at 2010-01-23 09:41:41) [GET]
  [4;36;1mUser Load (0.4ms)[0m   [0;1mSELECT * FROM "users" [0m
Rendering template within layouts/users
Rendering users/index
Completed in 9ms (View: 5, DB: 0) | 200 OK [http://localhost/users]


Processing ApplicationController#index (for 127.0.0.1 at 2010-01-23 09:41:41) [GET]

ActionController::RoutingError (No route matches "/stylesheets/scaffold.css" with {:method=>:get}):
  thin (1.2.4) lib/thin/connection.rb:76:in `pre_process'
  thin (1.2.4) lib/thin/connection.rb:74:in `catch'
  thin (1.2.4) lib/thin/connection.rb:74:in `pre_process'
  thin (1.2.4) lib/thin/connection.rb:57:in `process'
  thin (1.2.4) lib/thin/connection.rb:42:in `receive_data'
  eventmachine (0.12.8) lib/eventmachine.rb:242:in `run_machine'
  eventmachine (0.12.8) lib/eventmachine.rb:242:in `run'
  thin (1.2.4) lib/thin/backends/base.rb:57:in `start'
  thin (1.2.4) lib/thin/server.rb:156:in `start'
  thin (1.2.4) lib/thin/controllers/controller.rb:80:in `start'
  thin (1.2.4) lib/thin/runner.rb:174:in `send'
  thin (1.2.4) lib/thin/runner.rb:174:in `run_command'
  thin (1.2.4) lib/thin/runner.rb:140:in `run!'
  thin (1.2.4) bin/thin:6
  /usr/bin/thin:19:in `load'
  /usr/bin/thin:19

Rendering rescues/layout (not_found)


Processing UsersController#index (for 127.0.0.1 at 2010-01-23 09:45:31) [GET]
  [4;35;1mUser Load (0.4ms)[0m   [0mSELECT * FROM "users" [0m
Rendering template within layouts/users
Rendering users/index
Completed in 10ms (View: 5, DB: 0) | 200 OK [http://localhost/users]


Processing ApplicationController#index (for 127.0.0.1 at 2010-01-23 09:45:31) [GET]

ActionController::RoutingError (No route matches "/stylesheets/scaffold.css" with {:method=>:get}):
  thin (1.2.4) lib/thin/connection.rb:76:in `pre_process'
  thin (1.2.4) lib/thin/connection.rb:74:in `catch'
  thin (1.2.4) lib/thin/connection.rb:74:in `pre_process'
  thin (1.2.4) lib/thin/connection.rb:57:in `process'
  thin (1.2.4) lib/thin/connection.rb:42:in `receive_data'
  eventmachine (0.12.8) lib/eventmachine.rb:242:in `run_machine'
  eventmachine (0.12.8) lib/eventmachine.rb:242:in `run'
  thin (1.2.4) lib/thin/backends/base.rb:57:in `start'
  thin (1.2.4) lib/thin/server.rb:156:in `start'
  thin (1.2.4) lib/thin/controllers/controller.rb:80:in `start'
  thin (1.2.4) lib/thin/runner.rb:174:in `send'
  thin (1.2.4) lib/thin/runner.rb:174:in `run_command'
  thin (1.2.4) lib/thin/runner.rb:140:in `run!'
  thin (1.2.4) bin/thin:6
  /usr/bin/thin:19:in `load'
  /usr/bin/thin:19

Rendering rescues/layout (not_found)


Processing MembershipsController#new (for 127.0.0.1 at 2010-01-23 09:45:35) [GET]
Rendering memberships/new
  [4;36;1mUser Load (0.2ms)[0m   [0;1mSELECT * FROM "users" [0m
  [4;35;1mGroup Load (0.2ms)[0m   [0mSELECT * FROM "groups" [0m
Completed in 35ms (View: 15, DB: 0) | 200 OK [http://localhost/memberships/new]


Processing MembershipsController#new (for 127.0.0.1 at 2010-01-23 09:45:48) [GET]
Rendering memberships/new
  [4;36;1mUser Load (0.2ms)[0m   [0;1mSELECT * FROM "users" [0m
  [4;35;1mGroup Load (0.3ms)[0m   [0mSELECT * FROM "groups" [0m
Completed in 74ms (View: 70, DB: 0) | 200 OK [http://localhost/memberships/new]


Processing MembershipsController#new (for 127.0.0.1 at 2010-01-23 09:45:51) [POST]
  Parameters: {"commit"=>"Create", "membership"=>{"group_id"=>"1", "user_id"=>"1"}, "authenticity_token"=>"Y3QhJ0WfW3rqwZTEe1JZgm3OUkwq0xeBgsCCHwwn4SE="}
Rendering memberships/new
  [4;36;1mUser Load (0.2ms)[0m   [0;1mSELECT * FROM "users" [0m
  [4;35;1mGroup Load (0.2ms)[0m   [0mSELECT * FROM "groups" [0m
Completed in 16ms (View: 11, DB: 0) | 200 OK [http://localhost/memberships/new]


Processing MembershipsController#new (for 127.0.0.1 at 2010-01-23 09:46:35) [GET]
Rendering memberships/new
  [4;36;1mUser Load (0.2ms)[0m   [0;1mSELECT * FROM "users" [0m
  [4;35;1mGroup Load (0.2ms)[0m   [0mSELECT * FROM "groups" [0m
Completed in 18ms (View: 14, DB: 0) | 200 OK [http://localhost/memberships/new]


Processing MembershipsController#create (for 127.0.0.1 at 2010-01-23 09:46:42) [POST]
  Parameters: {"commit"=>"Create", "membership"=>{"group_id"=>"1", "user_id"=>"1"}, "authenticity_token"=>"Y3QhJ0WfW3rqwZTEe1JZgm3OUkwq0xeBgsCCHwwn4SE="}

ActiveRecord::RecordNotFound (Couldn't find User without an ID):
  app/controllers/memberships_controller.rb:8:in `create'
  thin (1.2.4) lib/thin/connection.rb:76:in `pre_process'
  thin (1.2.4) lib/thin/connection.rb:74:in `catch'
  thin (1.2.4) lib/thin/connection.rb:74:in `pre_process'
  thin (1.2.4) lib/thin/connection.rb:57:in `process'
  thin (1.2.4) lib/thin/connection.rb:42:in `receive_data'
  eventmachine (0.12.8) lib/eventmachine.rb:242:in `run_machine'
  eventmachine (0.12.8) lib/eventmachine.rb:242:in `run'
  thin (1.2.4) lib/thin/backends/base.rb:57:in `start'
  thin (1.2.4) lib/thin/server.rb:156:in `start'
  thin (1.2.4) lib/thin/controllers/controller.rb:80:in `start'
  thin (1.2.4) lib/thin/runner.rb:174:in `send'
  thin (1.2.4) lib/thin/runner.rb:174:in `run_command'
  thin (1.2.4) lib/thin/runner.rb:140:in `run!'
  thin (1.2.4) bin/thin:6
  /usr/bin/thin:19:in `load'
  /usr/bin/thin:19

Rendered rescues/_trace (82.2ms)
Rendered rescues/_request_and_response (1.0ms)
Rendering rescues/layout (not_found)


Processing MembershipsController#new (for 127.0.0.1 at 2010-01-23 09:47:06) [GET]
Rendering memberships/new
  [4;36;1mUser Load (0.2ms)[0m   [0;1mSELECT * FROM "users" [0m
  [4;35;1mGroup Load (0.2ms)[0m   [0mSELECT * FROM "groups" [0m
Completed in 17ms (View: 13, DB: 0) | 200 OK [http://localhost/memberships/new]


Processing MembershipsController#new (for 127.0.0.1 at 2010-01-23 09:47:23) [GET]
Rendering memberships/new
  [4;36;1mUser Load (0.2ms)[0m   [0;1mSELECT * FROM "users" [0m
  [4;35;1mGroup Load (0.2ms)[0m   [0mSELECT * FROM "groups" [0m

ActionView::TemplateError (undefined method `optioins_for_select' for #<ActionView::Base:0x10345f110>) on line #3 of app/views/memberships/new.html.erb:
1: <%form_for @membership do |f|%>
2: 	<%=select_tag :user_id, options_for_select(User.all.collect{|u| [u.name, u.id]})%>
3: 	<%=select_tag :group_id, optioins_for_select(Group.all.collect{|g| [g.name, g.id]})%>
4: 	
5: 	<%=submit_tag "Create"%>
6: <%end%>

    app/views/memberships/new.html.erb:3
    app/views/memberships/new.html.erb:1
    thin (1.2.4) lib/thin/connection.rb:76:in `pre_process'
    thin (1.2.4) lib/thin/connection.rb:74:in `catch'
    thin (1.2.4) lib/thin/connection.rb:74:in `pre_process'
    thin (1.2.4) lib/thin/connection.rb:57:in `process'
    thin (1.2.4) lib/thin/connection.rb:42:in `receive_data'
    eventmachine (0.12.8) lib/eventmachine.rb:242:in `run_machine'
    eventmachine (0.12.8) lib/eventmachine.rb:242:in `run'
    thin (1.2.4) lib/thin/backends/base.rb:57:in `start'
    thin (1.2.4) lib/thin/server.rb:156:in `start'
    thin (1.2.4) lib/thin/controllers/controller.rb:80:in `start'
    thin (1.2.4) lib/thin/runner.rb:174:in `send'
    thin (1.2.4) lib/thin/runner.rb:174:in `run_command'
    thin (1.2.4) lib/thin/runner.rb:140:in `run!'
    thin (1.2.4) bin/thin:6
    /usr/bin/thin:19:in `load'
    /usr/bin/thin:19

Rendered rescues/_trace (84.4ms)
Rendered rescues/_request_and_response (0.2ms)
Rendering rescues/layout (internal_server_error)


Processing MembershipsController#new (for 127.0.0.1 at 2010-01-23 09:47:29) [GET]
Rendering memberships/new
  [4;36;1mUser Load (0.3ms)[0m   [0;1mSELECT * FROM "users" [0m
  [4;35;1mGroup Load (0.2ms)[0m   [0mSELECT * FROM "groups" [0m
Completed in 19ms (View: 14, DB: 0) | 200 OK [http://localhost/memberships/new]


Processing MembershipsController#create (for 127.0.0.1 at 2010-01-23 09:47:31) [POST]
  Parameters: {"commit"=>"Create", "authenticity_token"=>"Y3QhJ0WfW3rqwZTEe1JZgm3OUkwq0xeBgsCCHwwn4SE=", "group_id"=>"1", "user_id"=>"1"}
  [4;36;1mUser Load (0.2ms)[0m   [0;1mSELECT * FROM "users" WHERE ("users"."id" = 1) [0m
  [4;35;1mGroup Load (0.1ms)[0m   [0mSELECT * FROM "groups" WHERE ("groups"."id" = 1) [0m

ActiveRecord::UnknownAttributeError (unknown attribute: group):
  app/controllers/memberships_controller.rb:11:in `new'
  app/controllers/memberships_controller.rb:11:in `create'
  thin (1.2.4) lib/thin/connection.rb:76:in `pre_process'
  thin (1.2.4) lib/thin/connection.rb:74:in `catch'
  thin (1.2.4) lib/thin/connection.rb:74:in `pre_process'
  thin (1.2.4) lib/thin/connection.rb:57:in `process'
  thin (1.2.4) lib/thin/connection.rb:42:in `receive_data'
  eventmachine (0.12.8) lib/eventmachine.rb:242:in `run_machine'
  eventmachine (0.12.8) lib/eventmachine.rb:242:in `run'
  thin (1.2.4) lib/thin/backends/base.rb:57:in `start'
  thin (1.2.4) lib/thin/server.rb:156:in `start'
  thin (1.2.4) lib/thin/controllers/controller.rb:80:in `start'
  thin (1.2.4) lib/thin/runner.rb:174:in `send'
  thin (1.2.4) lib/thin/runner.rb:174:in `run_command'
  thin (1.2.4) lib/thin/runner.rb:140:in `run!'
  thin (1.2.4) bin/thin:6
  /usr/bin/thin:19:in `load'
  /usr/bin/thin:19

Rendered rescues/_trace (24.2ms)
Rendered rescues/_request_and_response (0.3ms)
Rendering rescues/layout (internal_server_error)


Processing MembershipsController#create (for 127.0.0.1 at 2010-01-23 09:47:47) [POST]
  Parameters: {"commit"=>"Create", "authenticity_token"=>"Y3QhJ0WfW3rqwZTEe1JZgm3OUkwq0xeBgsCCHwwn4SE=", "group_id"=>"1", "user_id"=>"1"}
  [4;36;1mUser Load (0.2ms)[0m   [0;1mSELECT * FROM "users" WHERE ("users"."id" = 1) [0m
  [4;35;1mGroup Load (0.2ms)[0m   [0mSELECT * FROM "groups" WHERE ("groups"."id" = 1) [0m
  [4;36;1mMembership Create (0.3ms)[0m   [0;1mINSERT INTO "memberships" ("created_at", "updated_at", "group_id", "user_id") VALUES('2010-01-23 01:47:47', '2010-01-23 01:47:47', 1, 1)[0m
Redirected to http://localhost:3000/memberships/1
Completed in 106ms (DB: 1) | 302 Found [http://localhost/memberships]


Processing MembershipsController#show (for 127.0.0.1 at 2010-01-23 09:47:48) [GET]
  Parameters: {"id"=>"1"}

ActionController::UnknownAction (No action responded to show. Actions: create and new):
  thin (1.2.4) lib/thin/connection.rb:76:in `pre_process'
  thin (1.2.4) lib/thin/connection.rb:74:in `catch'
  thin (1.2.4) lib/thin/connection.rb:74:in `pre_process'
  thin (1.2.4) lib/thin/connection.rb:57:in `process'
  thin (1.2.4) lib/thin/connection.rb:42:in `receive_data'
  eventmachine (0.12.8) lib/eventmachine.rb:242:in `run_machine'
  eventmachine (0.12.8) lib/eventmachine.rb:242:in `run'
  thin (1.2.4) lib/thin/backends/base.rb:57:in `start'
  thin (1.2.4) lib/thin/server.rb:156:in `start'
  thin (1.2.4) lib/thin/controllers/controller.rb:80:in `start'
  thin (1.2.4) lib/thin/runner.rb:174:in `send'
  thin (1.2.4) lib/thin/runner.rb:174:in `run_command'
  thin (1.2.4) lib/thin/runner.rb:140:in `run!'
  thin (1.2.4) bin/thin:6
  /usr/bin/thin:19:in `load'
  /usr/bin/thin:19

Rendering rescues/layout (not_found)


Processing MembershipsController#index (for 127.0.0.1 at 2010-01-23 09:47:51) [GET]

ActionController::UnknownAction (No action responded to index. Actions: create and new):
  thin (1.2.4) lib/thin/connection.rb:76:in `pre_process'
  thin (1.2.4) lib/thin/connection.rb:74:in `catch'
  thin (1.2.4) lib/thin/connection.rb:74:in `pre_process'
  thin (1.2.4) lib/thin/connection.rb:57:in `process'
  thin (1.2.4) lib/thin/connection.rb:42:in `receive_data'
  eventmachine (0.12.8) lib/eventmachine.rb:242:in `run_machine'
  eventmachine (0.12.8) lib/eventmachine.rb:242:in `run'
  thin (1.2.4) lib/thin/backends/base.rb:57:in `start'
  thin (1.2.4) lib/thin/server.rb:156:in `start'
  thin (1.2.4) lib/thin/controllers/controller.rb:80:in `start'
  thin (1.2.4) lib/thin/runner.rb:174:in `send'
  thin (1.2.4) lib/thin/runner.rb:174:in `run_command'
  thin (1.2.4) lib/thin/runner.rb:140:in `run!'
  thin (1.2.4) bin/thin:6
  /usr/bin/thin:19:in `load'
  /usr/bin/thin:19

Rendering rescues/layout (not_found)


Processing UsersController#index (for 127.0.0.1 at 2010-01-23 09:47:57) [GET]
  [4;35;1mUser Load (0.4ms)[0m   [0mSELECT * FROM "users" [0m
Rendering template within layouts/users
Rendering users/index
Completed in 9ms (View: 5, DB: 0) | 200 OK [http://localhost/users]


Processing ApplicationController#index (for 127.0.0.1 at 2010-01-23 09:47:57) [GET]

ActionController::RoutingError (No route matches "/stylesheets/scaffold.css" with {:method=>:get}):
  thin (1.2.4) lib/thin/connection.rb:76:in `pre_process'
  thin (1.2.4) lib/thin/connection.rb:74:in `catch'
  thin (1.2.4) lib/thin/connection.rb:74:in `pre_process'
  thin (1.2.4) lib/thin/connection.rb:57:in `process'
  thin (1.2.4) lib/thin/connection.rb:42:in `receive_data'
  eventmachine (0.12.8) lib/eventmachine.rb:242:in `run_machine'
  eventmachine (0.12.8) lib/eventmachine.rb:242:in `run'
  thin (1.2.4) lib/thin/backends/base.rb:57:in `start'
  thin (1.2.4) lib/thin/server.rb:156:in `start'
  thin (1.2.4) lib/thin/controllers/controller.rb:80:in `start'
  thin (1.2.4) lib/thin/runner.rb:174:in `send'
  thin (1.2.4) lib/thin/runner.rb:174:in `run_command'
  thin (1.2.4) lib/thin/runner.rb:140:in `run!'
  thin (1.2.4) bin/thin:6
  /usr/bin/thin:19:in `load'
  /usr/bin/thin:19

Rendering rescues/layout (not_found)


Processing UsersController#index (for 127.0.0.1 at 2010-01-23 09:48:36) [GET]
  [4;36;1mUser Load (0.4ms)[0m   [0;1mSELECT * FROM "users" [0m
Rendering template within layouts/users
Rendering users/index
Completed in 10ms (View: 6, DB: 0) | 200 OK [http://localhost/users]


Processing ApplicationController#index (for 127.0.0.1 at 2010-01-23 09:48:36) [GET]

ActionController::RoutingError (No route matches "/stylesheets/scaffold.css" with {:method=>:get}):
  thin (1.2.4) lib/thin/connection.rb:76:in `pre_process'
  thin (1.2.4) lib/thin/connection.rb:74:in `catch'
  thin (1.2.4) lib/thin/connection.rb:74:in `pre_process'
  thin (1.2.4) lib/thin/connection.rb:57:in `process'
  thin (1.2.4) lib/thin/connection.rb:42:in `receive_data'
  eventmachine (0.12.8) lib/eventmachine.rb:242:in `run_machine'
  eventmachine (0.12.8) lib/eventmachine.rb:242:in `run'
  thin (1.2.4) lib/thin/backends/base.rb:57:in `start'
  thin (1.2.4) lib/thin/server.rb:156:in `start'
  thin (1.2.4) lib/thin/controllers/controller.rb:80:in `start'
  thin (1.2.4) lib/thin/runner.rb:174:in `send'
  thin (1.2.4) lib/thin/runner.rb:174:in `run_command'
  thin (1.2.4) lib/thin/runner.rb:140:in `run!'
  thin (1.2.4) bin/thin:6
  /usr/bin/thin:19:in `load'
  /usr/bin/thin:19

Rendering rescues/layout (not_found)


Processing UsersController#show (for 127.0.0.1 at 2010-01-23 09:48:39) [GET]
  Parameters: {"id"=>"1"}
  [4;35;1mUser Load (0.2ms)[0m   [0mSELECT * FROM "users" WHERE ("users"."id" = 1) [0m
Rendering template within layouts/users
Rendering users/show
  [4;36;1mGroup Load (0.3ms)[0m   [0;1mSELECT "groups".* FROM "groups" INNER JOIN "memberships" ON "groups".id = "memberships".group_id WHERE (("memberships".user_id = 1)) [0m
Completed in 125ms (View: 61, DB: 0) | 200 OK [http://localhost/users/1]


Processing ApplicationController#index (for 127.0.0.1 at 2010-01-23 09:48:39) [GET]

ActionController::RoutingError (No route matches "/stylesheets/scaffold.css" with {:method=>:get}):
  thin (1.2.4) lib/thin/connection.rb:76:in `pre_process'
  thin (1.2.4) lib/thin/connection.rb:74:in `catch'
  thin (1.2.4) lib/thin/connection.rb:74:in `pre_process'
  thin (1.2.4) lib/thin/connection.rb:57:in `process'
  thin (1.2.4) lib/thin/connection.rb:42:in `receive_data'
  eventmachine (0.12.8) lib/eventmachine.rb:242:in `run_machine'
  eventmachine (0.12.8) lib/eventmachine.rb:242:in `run'
  thin (1.2.4) lib/thin/backends/base.rb:57:in `start'
  thin (1.2.4) lib/thin/server.rb:156:in `start'
  thin (1.2.4) lib/thin/controllers/controller.rb:80:in `start'
  thin (1.2.4) lib/thin/runner.rb:174:in `send'
  thin (1.2.4) lib/thin/runner.rb:174:in `run_command'
  thin (1.2.4) lib/thin/runner.rb:140:in `run!'
  thin (1.2.4) bin/thin:6
  /usr/bin/thin:19:in `load'
  /usr/bin/thin:19

Rendering rescues/layout (not_found)


Processing UsersController#show (for 127.0.0.1 at 2010-01-23 09:48:49) [GET]
  Parameters: {"id"=>"1"}
  [4;35;1mUser Load (0.2ms)[0m   [0mSELECT * FROM "users" WHERE ("users"."id" = 1) [0m
Rendering template within layouts/users
Rendering users/show
  [4;36;1mGroup Load (0.3ms)[0m   [0;1mSELECT "groups".* FROM "groups" INNER JOIN "memberships" ON "groups".id = "memberships".group_id WHERE (("memberships".user_id = 1)) [0m
Completed in 17ms (View: 12, DB: 0) | 200 OK [http://localhost/users/1]


Processing ApplicationController#index (for 127.0.0.1 at 2010-01-23 09:48:49) [GET]

ActionController::RoutingError (No route matches "/stylesheets/scaffold.css" with {:method=>:get}):
  thin (1.2.4) lib/thin/connection.rb:76:in `pre_process'
  thin (1.2.4) lib/thin/connection.rb:74:in `catch'
  thin (1.2.4) lib/thin/connection.rb:74:in `pre_process'
  thin (1.2.4) lib/thin/connection.rb:57:in `process'
  thin (1.2.4) lib/thin/connection.rb:42:in `receive_data'
  eventmachine (0.12.8) lib/eventmachine.rb:242:in `run_machine'
  eventmachine (0.12.8) lib/eventmachine.rb:242:in `run'
  thin (1.2.4) lib/thin/backends/base.rb:57:in `start'
  thin (1.2.4) lib/thin/server.rb:156:in `start'
  thin (1.2.4) lib/thin/controllers/controller.rb:80:in `start'
  thin (1.2.4) lib/thin/runner.rb:174:in `send'
  thin (1.2.4) lib/thin/runner.rb:174:in `run_command'
  thin (1.2.4) lib/thin/runner.rb:140:in `run!'
  thin (1.2.4) bin/thin:6
  /usr/bin/thin:19:in `load'
  /usr/bin/thin:19

Rendering rescues/layout (not_found)


Processing UsersController#index (for 127.0.0.1 at 2010-01-23 09:48:51) [GET]
  [4;35;1mUser Load (0.4ms)[0m   [0mSELECT * FROM "users" [0m
Rendering template within layouts/users
Rendering users/index
Completed in 9ms (View: 5, DB: 0) | 200 OK [http://localhost/users]


Processing ApplicationController#index (for 127.0.0.1 at 2010-01-23 09:48:51) [GET]

ActionController::RoutingError (No route matches "/stylesheets/scaffold.css" with {:method=>:get}):
  thin (1.2.4) lib/thin/connection.rb:76:in `pre_process'
  thin (1.2.4) lib/thin/connection.rb:74:in `catch'
  thin (1.2.4) lib/thin/connection.rb:74:in `pre_process'
  thin (1.2.4) lib/thin/connection.rb:57:in `process'
  thin (1.2.4) lib/thin/connection.rb:42:in `receive_data'
  eventmachine (0.12.8) lib/eventmachine.rb:242:in `run_machine'
  eventmachine (0.12.8) lib/eventmachine.rb:242:in `run'
  thin (1.2.4) lib/thin/backends/base.rb:57:in `start'
  thin (1.2.4) lib/thin/server.rb:156:in `start'
  thin (1.2.4) lib/thin/controllers/controller.rb:80:in `start'
  thin (1.2.4) lib/thin/runner.rb:174:in `send'
  thin (1.2.4) lib/thin/runner.rb:174:in `run_command'
  thin (1.2.4) lib/thin/runner.rb:140:in `run!'
  thin (1.2.4) bin/thin:6
  /usr/bin/thin:19:in `load'
  /usr/bin/thin:19

Rendering rescues/layout (not_found)


Processing UsersController#index (for 127.0.0.1 at 2010-01-23 09:49:19) [GET]
  [4;36;1mUser Load (0.4ms)[0m   [0;1mSELECT * FROM "users" [0m
Rendering template within layouts/users
Rendering users/index
Completed in 12ms (View: 8, DB: 0) | 200 OK [http://localhost/users]


Processing ApplicationController#index (for 127.0.0.1 at 2010-01-23 09:49:19) [GET]

ActionController::RoutingError (No route matches "/stylesheets/scaffold.css" with {:method=>:get}):
  thin (1.2.4) lib/thin/connection.rb:76:in `pre_process'
  thin (1.2.4) lib/thin/connection.rb:74:in `catch'
  thin (1.2.4) lib/thin/connection.rb:74:in `pre_process'
  thin (1.2.4) lib/thin/connection.rb:57:in `process'
  thin (1.2.4) lib/thin/connection.rb:42:in `receive_data'
  eventmachine (0.12.8) lib/eventmachine.rb:242:in `run_machine'
  eventmachine (0.12.8) lib/eventmachine.rb:242:in `run'
  thin (1.2.4) lib/thin/backends/base.rb:57:in `start'
  thin (1.2.4) lib/thin/server.rb:156:in `start'
  thin (1.2.4) lib/thin/controllers/controller.rb:80:in `start'
  thin (1.2.4) lib/thin/runner.rb:174:in `send'
  thin (1.2.4) lib/thin/runner.rb:174:in `run_command'
  thin (1.2.4) lib/thin/runner.rb:140:in `run!'
  thin (1.2.4) bin/thin:6
  /usr/bin/thin:19:in `load'
  /usr/bin/thin:19

Rendering rescues/layout (not_found)


Processing UsersController#index (for 127.0.0.1 at 2010-01-23 09:49:25) [GET]
  [4;35;1mUser Load (0.4ms)[0m   [0mSELECT * FROM "users" [0m
Rendering template within layouts/users
Rendering users/index
Completed in 12ms (View: 8, DB: 0) | 200 OK [http://localhost/users]


Processing ApplicationController#index (for 127.0.0.1 at 2010-01-23 09:49:25) [GET]

ActionController::RoutingError (No route matches "/stylesheets/scaffold.css" with {:method=>:get}):
  thin (1.2.4) lib/thin/connection.rb:76:in `pre_process'
  thin (1.2.4) lib/thin/connection.rb:74:in `catch'
  thin (1.2.4) lib/thin/connection.rb:74:in `pre_process'
  thin (1.2.4) lib/thin/connection.rb:57:in `process'
  thin (1.2.4) lib/thin/connection.rb:42:in `receive_data'
  eventmachine (0.12.8) lib/eventmachine.rb:242:in `run_machine'
  eventmachine (0.12.8) lib/eventmachine.rb:242:in `run'
  thin (1.2.4) lib/thin/backends/base.rb:57:in `start'
  thin (1.2.4) lib/thin/server.rb:156:in `start'
  thin (1.2.4) lib/thin/controllers/controller.rb:80:in `start'
  thin (1.2.4) lib/thin/runner.rb:174:in `send'
  thin (1.2.4) lib/thin/runner.rb:174:in `run_command'
  thin (1.2.4) lib/thin/runner.rb:140:in `run!'
  thin (1.2.4) bin/thin:6
  /usr/bin/thin:19:in `load'
  /usr/bin/thin:19

Rendering rescues/layout (not_found)


Processing MembershipsController#new (for 127.0.0.1 at 2010-01-23 09:49:26) [GET]
Rendering memberships/new
  [4;36;1mUser Load (0.2ms)[0m   [0;1mSELECT * FROM "users" [0m
  [4;35;1mGroup Load (0.2ms)[0m   [0mSELECT * FROM "groups" [0m
Completed in 14ms (View: 10, DB: 0) | 200 OK [http://localhost/memberships/new]


Processing MembershipsController#create (for 127.0.0.1 at 2010-01-23 09:49:29) [POST]
  Parameters: {"commit"=>"Create", "authenticity_token"=>"Y3QhJ0WfW3rqwZTEe1JZgm3OUkwq0xeBgsCCHwwn4SE=", "group_id"=>"1", "user_id"=>"1"}
  [4;36;1mUser Load (0.2ms)[0m   [0;1mSELECT * FROM "users" WHERE ("users"."id" = 1) [0m
  [4;35;1mGroup Load (0.1ms)[0m   [0mSELECT * FROM "groups" WHERE ("groups"."id" = 1) [0m
  [4;36;1mMembership Create (0.4ms)[0m   [0;1mINSERT INTO "memberships" ("created_at", "updated_at", "group_id", "user_id") VALUES('2010-01-23 01:49:29', '2010-01-23 01:49:29', 1, 1)[0m
Redirected to http://localhost:3000/users/1
Completed in 76ms (DB: 1) | 302 Found [http://localhost/memberships]


Processing UsersController#show (for 127.0.0.1 at 2010-01-23 09:49:29) [GET]
  Parameters: {"id"=>"1"}
  [4;35;1mUser Load (0.2ms)[0m   [0mSELECT * FROM "users" WHERE ("users"."id" = 1) [0m
Rendering template within layouts/users
Rendering users/show
  [4;36;1mGroup Load (0.3ms)[0m   [0;1mSELECT "groups".* FROM "groups" INNER JOIN "memberships" ON "groups".id = "memberships".group_id WHERE (("memberships".user_id = 1)) [0m
Completed in 15ms (View: 10, DB: 0) | 200 OK [http://localhost/users/1]


Processing ApplicationController#index (for 127.0.0.1 at 2010-01-23 09:49:29) [GET]

ActionController::RoutingError (No route matches "/stylesheets/scaffold.css" with {:method=>:get}):
  thin (1.2.4) lib/thin/connection.rb:76:in `pre_process'
  thin (1.2.4) lib/thin/connection.rb:74:in `catch'
  thin (1.2.4) lib/thin/connection.rb:74:in `pre_process'
  thin (1.2.4) lib/thin/connection.rb:57:in `process'
  thin (1.2.4) lib/thin/connection.rb:42:in `receive_data'
  eventmachine (0.12.8) lib/eventmachine.rb:242:in `run_machine'
  eventmachine (0.12.8) lib/eventmachine.rb:242:in `run'
  thin (1.2.4) lib/thin/backends/base.rb:57:in `start'
  thin (1.2.4) lib/thin/server.rb:156:in `start'
  thin (1.2.4) lib/thin/controllers/controller.rb:80:in `start'
  thin (1.2.4) lib/thin/runner.rb:174:in `send'
  thin (1.2.4) lib/thin/runner.rb:174:in `run_command'
  thin (1.2.4) lib/thin/runner.rb:140:in `run!'
  thin (1.2.4) bin/thin:6
  /usr/bin/thin:19:in `load'
  /usr/bin/thin:19

Rendering rescues/layout (not_found)


Processing UsersController#show (for 127.0.0.1 at 2010-01-23 09:49:36) [GET]
  Parameters: {"id"=>"1"}
  [4;35;1mUser Load (0.2ms)[0m   [0mSELECT * FROM "users" WHERE ("users"."id" = 1) [0m
Rendering template within layouts/users
Rendering users/show
  [4;36;1mGroup Load (0.3ms)[0m   [0;1mSELECT "groups".* FROM "groups" INNER JOIN "memberships" ON "groups".id = "memberships".group_id WHERE (("memberships".user_id = 1)) [0m
Completed in 17ms (View: 12, DB: 0) | 200 OK [http://localhost/users/1]


Processing ApplicationController#index (for 127.0.0.1 at 2010-01-23 09:49:37) [GET]

ActionController::RoutingError (No route matches "/stylesheets/scaffold.css" with {:method=>:get}):
  thin (1.2.4) lib/thin/connection.rb:76:in `pre_process'
  thin (1.2.4) lib/thin/connection.rb:74:in `catch'
  thin (1.2.4) lib/thin/connection.rb:74:in `pre_process'
  thin (1.2.4) lib/thin/connection.rb:57:in `process'
  thin (1.2.4) lib/thin/connection.rb:42:in `receive_data'
  eventmachine (0.12.8) lib/eventmachine.rb:242:in `run_machine'
  eventmachine (0.12.8) lib/eventmachine.rb:242:in `run'
  thin (1.2.4) lib/thin/backends/base.rb:57:in `start'
  thin (1.2.4) lib/thin/server.rb:156:in `start'
  thin (1.2.4) lib/thin/controllers/controller.rb:80:in `start'
  thin (1.2.4) lib/thin/runner.rb:174:in `send'
  thin (1.2.4) lib/thin/runner.rb:174:in `run_command'
  thin (1.2.4) lib/thin/runner.rb:140:in `run!'
  thin (1.2.4) bin/thin:6
  /usr/bin/thin:19:in `load'
  /usr/bin/thin:19

Rendering rescues/layout (not_found)


Processing UsersController#show (for 127.0.0.1 at 2010-01-23 09:49:43) [GET]
  Parameters: {"id"=>"1"}
  [4;35;1mUser Load (0.2ms)[0m   [0mSELECT * FROM "users" WHERE ("users"."id" = 1) [0m
Rendering template within layouts/users
Rendering users/show
  [4;36;1mGroup Load (0.3ms)[0m   [0;1mSELECT "groups".* FROM "groups" INNER JOIN "memberships" ON "groups".id = "memberships".group_id WHERE (("memberships".user_id = 1)) [0m
Completed in 74ms (View: 12, DB: 0) | 200 OK [http://localhost/users/1]


Processing ApplicationController#index (for 127.0.0.1 at 2010-01-23 09:49:43) [GET]

ActionController::RoutingError (No route matches "/stylesheets/scaffold.css" with {:method=>:get}):
  thin (1.2.4) lib/thin/connection.rb:76:in `pre_process'
  thin (1.2.4) lib/thin/connection.rb:74:in `catch'
  thin (1.2.4) lib/thin/connection.rb:74:in `pre_process'
  thin (1.2.4) lib/thin/connection.rb:57:in `process'
  thin (1.2.4) lib/thin/connection.rb:42:in `receive_data'
  eventmachine (0.12.8) lib/eventmachine.rb:242:in `run_machine'
  eventmachine (0.12.8) lib/eventmachine.rb:242:in `run'
  thin (1.2.4) lib/thin/backends/base.rb:57:in `start'
  thin (1.2.4) lib/thin/server.rb:156:in `start'
  thin (1.2.4) lib/thin/controllers/controller.rb:80:in `start'
  thin (1.2.4) lib/thin/runner.rb:174:in `send'
  thin (1.2.4) lib/thin/runner.rb:174:in `run_command'
  thin (1.2.4) lib/thin/runner.rb:140:in `run!'
  thin (1.2.4) bin/thin:6
  /usr/bin/thin:19:in `load'
  /usr/bin/thin:19

Rendering rescues/layout (not_found)


Processing UsersController#show (for 127.0.0.1 at 2010-01-23 09:49:51) [GET]
  Parameters: {"id"=>"1"}
  [4;35;1mUser Load (0.2ms)[0m   [0mSELECT * FROM "users" WHERE ("users"."id" = 1) [0m
Rendering template within layouts/users
Rendering users/show
  [4;36;1mGroup Load (0.3ms)[0m   [0;1mSELECT "groups".* FROM "groups" INNER JOIN "memberships" ON "groups".id = "memberships".group_id WHERE (("memberships".user_id = 1)) [0m
Completed in 17ms (View: 11, DB: 0) | 200 OK [http://localhost/users/1]


Processing ApplicationController#index (for 127.0.0.1 at 2010-01-23 09:49:51) [GET]

ActionController::RoutingError (No route matches "/stylesheets/scaffold.css" with {:method=>:get}):
  thin (1.2.4) lib/thin/connection.rb:76:in `pre_process'
  thin (1.2.4) lib/thin/connection.rb:74:in `catch'
  thin (1.2.4) lib/thin/connection.rb:74:in `pre_process'
  thin (1.2.4) lib/thin/connection.rb:57:in `process'
  thin (1.2.4) lib/thin/connection.rb:42:in `receive_data'
  eventmachine (0.12.8) lib/eventmachine.rb:242:in `run_machine'
  eventmachine (0.12.8) lib/eventmachine.rb:242:in `run'
  thin (1.2.4) lib/thin/backends/base.rb:57:in `start'
  thin (1.2.4) lib/thin/server.rb:156:in `start'
  thin (1.2.4) lib/thin/controllers/controller.rb:80:in `start'
  thin (1.2.4) lib/thin/runner.rb:174:in `send'
  thin (1.2.4) lib/thin/runner.rb:174:in `run_command'
  thin (1.2.4) lib/thin/runner.rb:140:in `run!'
  thin (1.2.4) bin/thin:6
  /usr/bin/thin:19:in `load'
  /usr/bin/thin:19

Rendering rescues/layout (not_found)


Processing UsersController#show (for 127.0.0.1 at 2010-01-23 09:49:55) [GET]
  Parameters: {"id"=>"1"}
  [4;35;1mUser Load (0.2ms)[0m   [0mSELECT * FROM "users" WHERE ("users"."id" = 1) [0m
Rendering template within layouts/users
Rendering users/show
  [4;36;1mGroup Load (0.3ms)[0m   [0;1mSELECT "groups".* FROM "groups" INNER JOIN "memberships" ON "groups".id = "memberships".group_id WHERE (("memberships".user_id = 1)) [0m
Completed in 70ms (View: 65, DB: 0) | 200 OK [http://localhost/users/1]


Processing ApplicationController#index (for 127.0.0.1 at 2010-01-23 09:49:55) [GET]

ActionController::RoutingError (No route matches "/stylesheets/scaffold.css" with {:method=>:get}):
  thin (1.2.4) lib/thin/connection.rb:76:in `pre_process'
  thin (1.2.4) lib/thin/connection.rb:74:in `catch'
  thin (1.2.4) lib/thin/connection.rb:74:in `pre_process'
  thin (1.2.4) lib/thin/connection.rb:57:in `process'
  thin (1.2.4) lib/thin/connection.rb:42:in `receive_data'
  eventmachine (0.12.8) lib/eventmachine.rb:242:in `run_machine'
  eventmachine (0.12.8) lib/eventmachine.rb:242:in `run'
  thin (1.2.4) lib/thin/backends/base.rb:57:in `start'
  thin (1.2.4) lib/thin/server.rb:156:in `start'
  thin (1.2.4) lib/thin/controllers/controller.rb:80:in `start'
  thin (1.2.4) lib/thin/runner.rb:174:in `send'
  thin (1.2.4) lib/thin/runner.rb:174:in `run_command'
  thin (1.2.4) lib/thin/runner.rb:140:in `run!'
  thin (1.2.4) bin/thin:6
  /usr/bin/thin:19:in `load'
  /usr/bin/thin:19

Rendering rescues/layout (not_found)


Processing UsersController#show (for 127.0.0.1 at 2010-01-23 09:50:23) [GET]
  Parameters: {"id"=>"1"}
  [4;35;1mUser Load (0.2ms)[0m   [0mSELECT * FROM "users" WHERE ("users"."id" = 1) [0m
Rendering template within layouts/users
Rendering users/show
  [4;36;1mGroup Load (0.3ms)[0m   [0;1mSELECT "groups".* FROM "groups" INNER JOIN "memberships" ON "groups".id = "memberships".group_id WHERE (("memberships".user_id = 1)) [0m
Completed in 15ms (View: 9, DB: 0) | 200 OK [http://localhost/users/1]


Processing ApplicationController#index (for 127.0.0.1 at 2010-01-23 09:50:23) [GET]

ActionController::RoutingError (No route matches "/stylesheets/scaffold.css" with {:method=>:get}):
  thin (1.2.4) lib/thin/connection.rb:76:in `pre_process'
  thin (1.2.4) lib/thin/connection.rb:74:in `catch'
  thin (1.2.4) lib/thin/connection.rb:74:in `pre_process'
  thin (1.2.4) lib/thin/connection.rb:57:in `process'
  thin (1.2.4) lib/thin/connection.rb:42:in `receive_data'
  eventmachine (0.12.8) lib/eventmachine.rb:242:in `run_machine'
  eventmachine (0.12.8) lib/eventmachine.rb:242:in `run'
  thin (1.2.4) lib/thin/backends/base.rb:57:in `start'
  thin (1.2.4) lib/thin/server.rb:156:in `start'
  thin (1.2.4) lib/thin/controllers/controller.rb:80:in `start'
  thin (1.2.4) lib/thin/runner.rb:174:in `send'
  thin (1.2.4) lib/thin/runner.rb:174:in `run_command'
  thin (1.2.4) lib/thin/runner.rb:140:in `run!'
  thin (1.2.4) bin/thin:6
  /usr/bin/thin:19:in `load'
  /usr/bin/thin:19

Rendering rescues/layout (not_found)


Processing UsersController#index (for 127.0.0.1 at 2010-01-23 09:50:24) [GET]
  [4;35;1mUser Load (0.4ms)[0m   [0mSELECT * FROM "users" [0m
Rendering template within layouts/users
Rendering users/index
Completed in 10ms (View: 6, DB: 0) | 200 OK [http://localhost/users]


Processing ApplicationController#index (for 127.0.0.1 at 2010-01-23 09:50:24) [GET]

ActionController::RoutingError (No route matches "/stylesheets/scaffold.css" with {:method=>:get}):
  thin (1.2.4) lib/thin/connection.rb:76:in `pre_process'
  thin (1.2.4) lib/thin/connection.rb:74:in `catch'
  thin (1.2.4) lib/thin/connection.rb:74:in `pre_process'
  thin (1.2.4) lib/thin/connection.rb:57:in `process'
  thin (1.2.4) lib/thin/connection.rb:42:in `receive_data'
  eventmachine (0.12.8) lib/eventmachine.rb:242:in `run_machine'
  eventmachine (0.12.8) lib/eventmachine.rb:242:in `run'
  thin (1.2.4) lib/thin/backends/base.rb:57:in `start'
  thin (1.2.4) lib/thin/server.rb:156:in `start'
  thin (1.2.4) lib/thin/controllers/controller.rb:80:in `start'
  thin (1.2.4) lib/thin/runner.rb:174:in `send'
  thin (1.2.4) lib/thin/runner.rb:174:in `run_command'
  thin (1.2.4) lib/thin/runner.rb:140:in `run!'
  thin (1.2.4) bin/thin:6
  /usr/bin/thin:19:in `load'
  /usr/bin/thin:19

Rendering rescues/layout (not_found)


Processing MembershipsController#new (for 127.0.0.1 at 2010-01-23 09:50:25) [GET]
Rendering memberships/new
  [4;36;1mUser Load (0.3ms)[0m   [0;1mSELECT * FROM "users" [0m
  [4;35;1mGroup Load (0.2ms)[0m   [0mSELECT * FROM "groups" [0m
Completed in 73ms (View: 69, DB: 0) | 200 OK [http://localhost/memberships/new]


Processing MembershipsController#create (for 127.0.0.1 at 2010-01-23 09:50:26) [POST]
  Parameters: {"commit"=>"Create", "authenticity_token"=>"Y3QhJ0WfW3rqwZTEe1JZgm3OUkwq0xeBgsCCHwwn4SE=", "group_id"=>"1", "user_id"=>"1"}
  [4;36;1mUser Load (0.2ms)[0m   [0;1mSELECT * FROM "users" WHERE ("users"."id" = 1) [0m
  [4;35;1mGroup Load (0.1ms)[0m   [0mSELECT * FROM "groups" WHERE ("groups"."id" = 1) [0m
  [4;36;1mMembership Load (0.2ms)[0m   [0;1mSELECT "memberships".id FROM "memberships" WHERE ("memberships"."user_id" = 1 AND "memberships".group_id = 1) LIMIT 1[0m

ActiveRecord::RecordInvalid (Validation failed: User has already been taken):
  app/controllers/memberships_controller.rb:12:in `create'
  thin (1.2.4) lib/thin/connection.rb:76:in `pre_process'
  thin (1.2.4) lib/thin/connection.rb:74:in `catch'
  thin (1.2.4) lib/thin/connection.rb:74:in `pre_process'
  thin (1.2.4) lib/thin/connection.rb:57:in `process'
  thin (1.2.4) lib/thin/connection.rb:42:in `receive_data'
  eventmachine (0.12.8) lib/eventmachine.rb:242:in `run_machine'
  eventmachine (0.12.8) lib/eventmachine.rb:242:in `run'
  thin (1.2.4) lib/thin/backends/base.rb:57:in `start'
  thin (1.2.4) lib/thin/server.rb:156:in `start'
  thin (1.2.4) lib/thin/controllers/controller.rb:80:in `start'
  thin (1.2.4) lib/thin/runner.rb:174:in `send'
  thin (1.2.4) lib/thin/runner.rb:174:in `run_command'
  thin (1.2.4) lib/thin/runner.rb:140:in `run!'
  thin (1.2.4) bin/thin:6
  /usr/bin/thin:19:in `load'
  /usr/bin/thin:19

Rendered rescues/_trace (25.5ms)
Rendered rescues/_request_and_response (0.3ms)
Rendering rescues/layout (unprocessable_entity)


Processing MembershipsController#new (for 127.0.0.1 at 2010-01-23 09:50:40) [GET]

SyntaxError (/Users/shaokun/workspaces/rest/app/models/membership.rb:5: syntax error, unexpected '\n', expecting tASSOC):
  app/controllers/memberships_controller.rb:4:in `new'
  thin (1.2.4) lib/thin/connection.rb:76:in `pre_process'
  thin (1.2.4) lib/thin/connection.rb:74:in `catch'
  thin (1.2.4) lib/thin/connection.rb:74:in `pre_process'
  thin (1.2.4) lib/thin/connection.rb:57:in `process'
  thin (1.2.4) lib/thin/connection.rb:42:in `receive_data'
  eventmachine (0.12.8) lib/eventmachine.rb:242:in `run_machine'
  eventmachine (0.12.8) lib/eventmachine.rb:242:in `run'
  thin (1.2.4) lib/thin/backends/base.rb:57:in `start'
  thin (1.2.4) lib/thin/server.rb:156:in `start'
  thin (1.2.4) lib/thin/controllers/controller.rb:80:in `start'
  thin (1.2.4) lib/thin/runner.rb:174:in `send'
  thin (1.2.4) lib/thin/runner.rb:174:in `run_command'
  thin (1.2.4) lib/thin/runner.rb:140:in `run!'
  thin (1.2.4) bin/thin:6
  /usr/bin/thin:19:in `load'
  /usr/bin/thin:19

Rendered rescues/_trace (86.3ms)
Rendered rescues/_request_and_response (0.2ms)
Rendering rescues/layout (internal_server_error)


Processing MembershipsController#new (for 127.0.0.1 at 2010-01-23 09:50:46) [GET]
Rendering memberships/new
  [4;35;1mUser Load (0.2ms)[0m   [0mSELECT * FROM "users" [0m
  [4;36;1mGroup Load (0.2ms)[0m   [0;1mSELECT * FROM "groups" [0m
Completed in 15ms (View: 11, DB: 0) | 200 OK [http://localhost/memberships/new]


Processing MembershipsController#create (for 127.0.0.1 at 2010-01-23 09:50:48) [POST]
  Parameters: {"commit"=>"Create", "authenticity_token"=>"Y3QhJ0WfW3rqwZTEe1JZgm3OUkwq0xeBgsCCHwwn4SE=", "group_id"=>"1", "user_id"=>"1"}
  [4;35;1mUser Load (0.2ms)[0m   [0mSELECT * FROM "users" WHERE ("users"."id" = 1) [0m
  [4;36;1mGroup Load (0.1ms)[0m   [0;1mSELECT * FROM "groups" WHERE ("groups"."id" = 1) [0m
  [4;35;1mMembership Load (0.2ms)[0m   [0mSELECT "memberships".id FROM "memberships" WHERE ("memberships"."user_id" = 1 AND "memberships".group_id = 1) LIMIT 1[0m

ActiveRecord::RecordInvalid (Validation failed: User has already been taken):
  app/controllers/memberships_controller.rb:12:in `create'
  thin (1.2.4) lib/thin/connection.rb:76:in `pre_process'
  thin (1.2.4) lib/thin/connection.rb:74:in `catch'
  thin (1.2.4) lib/thin/connection.rb:74:in `pre_process'
  thin (1.2.4) lib/thin/connection.rb:57:in `process'
  thin (1.2.4) lib/thin/connection.rb:42:in `receive_data'
  eventmachine (0.12.8) lib/eventmachine.rb:242:in `run_machine'
  eventmachine (0.12.8) lib/eventmachine.rb:242:in `run'
  thin (1.2.4) lib/thin/backends/base.rb:57:in `start'
  thin (1.2.4) lib/thin/server.rb:156:in `start'
  thin (1.2.4) lib/thin/controllers/controller.rb:80:in `start'
  thin (1.2.4) lib/thin/runner.rb:174:in `send'
  thin (1.2.4) lib/thin/runner.rb:174:in `run_command'
  thin (1.2.4) lib/thin/runner.rb:140:in `run!'
  thin (1.2.4) bin/thin:6
  /usr/bin/thin:19:in `load'
  /usr/bin/thin:19

Rendered rescues/_trace (25.1ms)
Rendered rescues/_request_and_response (0.3ms)
Rendering rescues/layout (unprocessable_entity)


Processing MembershipsController#create (for 127.0.0.1 at 2010-01-23 09:51:05) [POST]
  Parameters: {"commit"=>"Create", "authenticity_token"=>"Y3QhJ0WfW3rqwZTEe1JZgm3OUkwq0xeBgsCCHwwn4SE=", "group_id"=>"1", "user_id"=>"1"}
  [4;36;1mUser Load (0.2ms)[0m   [0;1mSELECT * FROM "users" WHERE ("users"."id" = 1) [0m
  [4;35;1mGroup Load (0.2ms)[0m   [0mSELECT * FROM "groups" WHERE ("groups"."id" = 1) [0m
  [4;36;1mMembership Load (0.2ms)[0m   [0;1mSELECT "memberships".id FROM "memberships" WHERE ("memberships"."user_id" = 1 AND "memberships".group_id = 1) LIMIT 1[0m

ActiveRecord::RecordInvalid (Validation failed: User has already joined this group):
  app/controllers/memberships_controller.rb:12:in `create'
  thin (1.2.4) lib/thin/connection.rb:76:in `pre_process'
  thin (1.2.4) lib/thin/connection.rb:74:in `catch'
  thin (1.2.4) lib/thin/connection.rb:74:in `pre_process'
  thin (1.2.4) lib/thin/connection.rb:57:in `process'
  thin (1.2.4) lib/thin/connection.rb:42:in `receive_data'
  eventmachine (0.12.8) lib/eventmachine.rb:242:in `run_machine'
  eventmachine (0.12.8) lib/eventmachine.rb:242:in `run'
  thin (1.2.4) lib/thin/backends/base.rb:57:in `start'
  thin (1.2.4) lib/thin/server.rb:156:in `start'
  thin (1.2.4) lib/thin/controllers/controller.rb:80:in `start'
  thin (1.2.4) lib/thin/runner.rb:174:in `send'
  thin (1.2.4) lib/thin/runner.rb:174:in `run_command'
  thin (1.2.4) lib/thin/runner.rb:140:in `run!'
  thin (1.2.4) bin/thin:6
  /usr/bin/thin:19:in `load'
  /usr/bin/thin:19

Rendered rescues/_trace (25.2ms)
Rendered rescues/_request_and_response (0.3ms)
Rendering rescues/layout (unprocessable_entity)


Processing MembershipsController#create (for 127.0.0.1 at 2010-01-23 09:51:07) [POST]
  Parameters: {"commit"=>"Create", "authenticity_token"=>"Y3QhJ0WfW3rqwZTEe1JZgm3OUkwq0xeBgsCCHwwn4SE=", "group_id"=>"1", "user_id"=>"1"}
  [4;35;1mUser Load (0.2ms)[0m   [0mSELECT * FROM "users" WHERE ("users"."id" = 1) [0m
  [4;36;1mGroup Load (0.1ms)[0m   [0;1mSELECT * FROM "groups" WHERE ("groups"."id" = 1) [0m
  [4;35;1mMembership Load (0.1ms)[0m   [0mSELECT "memberships".id FROM "memberships" WHERE ("memberships"."user_id" = 1 AND "memberships".group_id = 1) LIMIT 1[0m

ActiveRecord::RecordInvalid (Validation failed: User has already joined this group):
  app/controllers/memberships_controller.rb:12:in `create'
  thin (1.2.4) lib/thin/connection.rb:76:in `pre_process'
  thin (1.2.4) lib/thin/connection.rb:74:in `catch'
  thin (1.2.4) lib/thin/connection.rb:74:in `pre_process'
  thin (1.2.4) lib/thin/connection.rb:57:in `process'
  thin (1.2.4) lib/thin/connection.rb:42:in `receive_data'
  eventmachine (0.12.8) lib/eventmachine.rb:242:in `run_machine'
  eventmachine (0.12.8) lib/eventmachine.rb:242:in `run'
  thin (1.2.4) lib/thin/backends/base.rb:57:in `start'
  thin (1.2.4) lib/thin/server.rb:156:in `start'
  thin (1.2.4) lib/thin/controllers/controller.rb:80:in `start'
  thin (1.2.4) lib/thin/runner.rb:174:in `send'
  thin (1.2.4) lib/thin/runner.rb:174:in `run_command'
  thin (1.2.4) lib/thin/runner.rb:140:in `run!'
  thin (1.2.4) bin/thin:6
  /usr/bin/thin:19:in `load'
  /usr/bin/thin:19

Rendered rescues/_trace (23.9ms)
Rendered rescues/_request_and_response (0.3ms)
Rendering rescues/layout (unprocessable_entity)
